<?xml version="1.0" encoding="UTF-8"?>
<!-- Generated by org.testng.reporters.JUnitXMLReporter -->
<testsuite ignored="0" hostname="DESKTOP-V16AQSL" failures="1" tests="2" name="Test" time="60.41" errors="0" timestamp="2024-01-20T10:53:50 IST">
  <testcase classname="Test_Case.AddToCartDashBoard_Product" name="DashBoardProductAddToCar" time="19.296"/>
  <testcase classname="Test_Case.SearchAddToCartPrduct" name="AddToCartSerchProduct" time="40.409">
    <failure type="java.lang.AssertionError" message="expected [true] but found [false]">
      <![CDATA[java.lang.AssertionError: expected [true] but found [false]
at Com.Utils.Commons.ValidateCartProduct(Commons.java:180)
at Test_Case.SearchAddToCartPrduct.AddToCartSerchProduct(SearchAddToCartPrduct.java:37)
at java.base/java.util.ArrayList.forEach(ArrayList.java:1511)
... Removed 31 stack frames]]>
    </failure>
  </testcase> <!-- AddToCartSerchProduct -->
</testsuite> <!-- Test -->
